[INFO  - 2019-12-10T08:48:26.347Z] GhostDriver - Main - running on port 47059
[INFO  - 2019-12-10T08:52:03.003Z] GhostDriver - Main - running on port 15059
[INFO  - 2019-12-10T08:56:14.982Z] GhostDriver - Main - running on port 45176
[INFO  - 2019-12-10T09:05:28.620Z] GhostDriver - Main - running on port 47312
[INFO  - 2019-12-10T09:10:17.009Z] GhostDriver - Main - running on port 27415
[INFO  - 2019-12-10T09:10:18.002Z] Session [e273c3d0-1b2c-11ea-9526-db9b85278649] - page.settings - {"XSSAuditingEnabled":false,"javascriptCanCloseWindows":true,"javascriptCanOpenWindows":true,"javascriptEnabled":true,"loadImages":true,"localToRemoteUrlAccessEnabled":false,"userAgent":"Mozilla/5.0 (Windows NT 6.2; WOW64) AppleWebKit/538.1 (KHTML, like Gecko) PhantomJS/2.1.1 Safari/538.1","webSecurityEnabled":true}
[INFO  - 2019-12-10T09:10:18.003Z] Session [e273c3d0-1b2c-11ea-9526-db9b85278649] - page.customHeaders:  - {}
[INFO  - 2019-12-10T09:10:18.003Z] Session [e273c3d0-1b2c-11ea-9526-db9b85278649] - Session.negotiatedCapabilities - {"browserName":"phantomjs","version":"2.1.1","driverName":"ghostdriver","driverVersion":"1.2.0","platform":"windows-10-32bit","javascriptEnabled":true,"takesScreenshot":true,"handlesAlerts":false,"databaseEnabled":false,"locationContextEnabled":false,"applicationCacheEnabled":false,"browserConnectionEnabled":false,"cssSelectorsEnabled":true,"webStorageEnabled":false,"rotatable":false,"acceptSslCerts":false,"nativeEvents":true,"proxy":{"proxyType":"direct"}}
[INFO  - 2019-12-10T09:10:18.003Z] SessionManagerReqHand - _postNewSessionCommand - New Session Created: e273c3d0-1b2c-11ea-9526-db9b85278649
[INFO  - 2019-12-10T09:10:21.533Z] ShutdownReqHand - _handle - About to shutdown
[INFO  - 2019-12-10T09:12:32.760Z] GhostDriver - Main - running on port 37893
[INFO  - 2019-12-10T09:12:33.298Z] Session [331872e0-1b2d-11ea-9079-39f80ce43889] - page.settings - {"XSSAuditingEnabled":false,"javascriptCanCloseWindows":true,"javascriptCanOpenWindows":true,"javascriptEnabled":true,"loadImages":true,"localToRemoteUrlAccessEnabled":false,"userAgent":"Mozilla/5.0 (Windows NT 6.2; WOW64) AppleWebKit/538.1 (KHTML, like Gecko) PhantomJS/2.1.1 Safari/538.1","webSecurityEnabled":true}
[INFO  - 2019-12-10T09:12:33.298Z] Session [331872e0-1b2d-11ea-9079-39f80ce43889] - page.customHeaders:  - {}
[INFO  - 2019-12-10T09:12:33.298Z] Session [331872e0-1b2d-11ea-9079-39f80ce43889] - Session.negotiatedCapabilities - {"browserName":"phantomjs","version":"2.1.1","driverName":"ghostdriver","driverVersion":"1.2.0","platform":"windows-10-32bit","javascriptEnabled":true,"takesScreenshot":true,"handlesAlerts":false,"databaseEnabled":false,"locationContextEnabled":false,"applicationCacheEnabled":false,"browserConnectionEnabled":false,"cssSelectorsEnabled":true,"webStorageEnabled":false,"rotatable":false,"acceptSslCerts":false,"nativeEvents":true,"proxy":{"proxyType":"direct"}}
[INFO  - 2019-12-10T09:12:33.298Z] SessionManagerReqHand - _postNewSessionCommand - New Session Created: 331872e0-1b2d-11ea-9079-39f80ce43889
[INFO  - 2019-12-10T09:12:37.352Z] ShutdownReqHand - _handle - About to shutdown
[INFO  - 2019-12-10T09:14:41.049Z] GhostDriver - Main - running on port 17300
[INFO  - 2019-12-10T09:14:41.206Z] Session [7f5533f0-1b2d-11ea-9452-d3ded1bb047f] - page.settings - {"XSSAuditingEnabled":false,"javascriptCanCloseWindows":true,"javascriptCanOpenWindows":true,"javascriptEnabled":true,"loadImages":true,"localToRemoteUrlAccessEnabled":false,"userAgent":"Mozilla/5.0 (Windows NT 6.2; WOW64) AppleWebKit/538.1 (KHTML, like Gecko) PhantomJS/2.1.1 Safari/538.1","webSecurityEnabled":true}
[INFO  - 2019-12-10T09:14:41.206Z] Session [7f5533f0-1b2d-11ea-9452-d3ded1bb047f] - page.customHeaders:  - {}
[INFO  - 2019-12-10T09:14:41.206Z] Session [7f5533f0-1b2d-11ea-9452-d3ded1bb047f] - Session.negotiatedCapabilities - {"browserName":"phantomjs","version":"2.1.1","driverName":"ghostdriver","driverVersion":"1.2.0","platform":"windows-10-32bit","javascriptEnabled":true,"takesScreenshot":true,"handlesAlerts":false,"databaseEnabled":false,"locationContextEnabled":false,"applicationCacheEnabled":false,"browserConnectionEnabled":false,"cssSelectorsEnabled":true,"webStorageEnabled":false,"rotatable":false,"acceptSslCerts":false,"nativeEvents":true,"proxy":{"proxyType":"direct"}}
[INFO  - 2019-12-10T09:14:41.206Z] SessionManagerReqHand - _postNewSessionCommand - New Session Created: 7f5533f0-1b2d-11ea-9452-d3ded1bb047f
[INFO  - 2019-12-10T09:14:45.324Z] ShutdownReqHand - _handle - About to shutdown
